Build started 06.08.2017 19:08:03.
     1>Project "D:\BattleShip\BattleShip\BattleShip\BattleShip.vcxproj" on node 2 (rebuild target(s)).
     1>_PrepareForClean:
         Deleting file "Debug\BattleShip.lastbuildstate".
       InitializeBuildStatus:
         Creating "Debug\BattleShip.unsuccessfulbuild" because "AlwaysCreate" was specified.
       ClCompile:
         c:\Program Files\Microsoft Visual Studio 10.0\VC\bin\CL.exe /c /ZI /nologo /W3 /WX- /Od /Oy- /D WIN32 /D _DEBUG /D _CONSOLE /D _UNICODE /D UNICODE /Gm /EHsc /RTC1 /MDd /GS /fp:precise /Zc:wchar_t /Zc:forScope /Fo"Debug\\" /Fd"Debug\vc100.pdb" /Gd /TP /analyze- /errorReport:prompt Cell.cpp ComputerPlayer.cpp Field.cpp Controller.cpp main.cpp Navy.cpp Observable.cpp Player.cpp Point.cpp Ship.cpp UserPlayer.cpp View.cpp
         View.cpp
         UserPlayer.cpp
         Ship.cpp
     1>d:\battleship\battleship\battleship\ship.cpp(25): warning C4018: '<' : signed/unsigned mismatch
     1>d:\battleship\battleship\battleship\ship.cpp(35): warning C4018: '<' : signed/unsigned mismatch
     1>d:\battleship\battleship\battleship\ship.cpp(39): warning C4390: ';' : empty controlled statement found; is this the intent?
         Point.cpp
         Player.cpp
         Observable.cpp
     1>d:\battleship\battleship\battleship\observable.cpp(21): warning C4018: '<' : signed/unsigned mismatch
         Navy.cpp
     1>d:\battleship\battleship\battleship\navy.cpp(25): warning C4018: '<' : signed/unsigned mismatch
         main.cpp
     1>d:\battleship\battleship\battleship\main.cpp(112): warning C4018: '<' : signed/unsigned mismatch
     1>d:\battleship\battleship\battleship\main.cpp(122): warning C4018: '<' : signed/unsigned mismatch
         Controller.cpp
     1>d:\battleship\battleship\battleship\controller.cpp(187): warning C4018: '<' : signed/unsigned mismatch
         Field.cpp
         ComputerPlayer.cpp
         Cell.cpp
         Generating Code...
     1>d:\battleship\battleship\battleship\userplayer.cpp(59): warning C4715: 'UserPlayer::TransferLettersToHorisontalCoordinate' : not all control paths return a value
       ManifestResourceCompile:
         C:\Program Files\Microsoft SDKs\Windows\v7.0A\bin\rc.exe /nologo /fo"Debug\BattleShip.exe.embed.manifest.res" Debug\BattleShip_manifest.rc 
       Link:
         c:\Program Files\Microsoft Visual Studio 10.0\VC\bin\link.exe /ERRORREPORT:PROMPT /OUT:"D:\BattleShip\BattleShip\Debug\BattleShip.exe" /INCREMENTAL /NOLOGO kernel32.lib user32.lib gdi32.lib winspool.lib comdlg32.lib advapi32.lib shell32.lib ole32.lib oleaut32.lib uuid.lib odbc32.lib odbccp32.lib /MANIFEST /ManifestFile:"Debug\BattleShip.exe.intermediate.manifest" /MANIFESTUAC:"level='asInvoker' uiAccess='false'" /DEBUG /PDB:"D:\BattleShip\BattleShip\Debug\BattleShip.pdb" /SUBSYSTEM:CONSOLE /TLBID:1 /DYNAMICBASE /NXCOMPAT /IMPLIB:"D:\BattleShip\BattleShip\Debug\BattleShip.lib" /MACHINE:X86 Debug\BattleShip.exe.embed.manifest.res
         Debug\Cell.obj
         Debug\ComputerPlayer.obj
         Debug\Field.obj
         Debug\Controller.obj
         Debug\main.obj
         Debug\Navy.obj
         Debug\Observable.obj
         Debug\Player.obj
         Debug\Point.obj
         Debug\Ship.obj
         Debug\UserPlayer.obj
         Debug\View.obj
       Manifest:
         Deleting file "Debug\BattleShip.exe.embed.manifest".
         C:\Program Files\Microsoft SDKs\Windows\v7.0A\bin\mt.exe /nologo /verbose /out:"Debug\BattleShip.exe.embed.manifest" /manifest Debug\BattleShip.exe.intermediate.manifest
         C:\Program Files\Microsoft SDKs\Windows\v7.0A\bin\rc.exe /nologo /fo"Debug\BattleShip.exe.embed.manifest.res" Debug\BattleShip_manifest.rc 
       LinkEmbedManifest:
         c:\Program Files\Microsoft Visual Studio 10.0\VC\bin\link.exe /ERRORREPORT:PROMPT /OUT:"D:\BattleShip\BattleShip\Debug\BattleShip.exe" /INCREMENTAL /NOLOGO kernel32.lib user32.lib gdi32.lib winspool.lib comdlg32.lib advapi32.lib shell32.lib ole32.lib oleaut32.lib uuid.lib odbc32.lib odbccp32.lib /MANIFEST /ManifestFile:"Debug\BattleShip.exe.intermediate.manifest" /MANIFESTUAC:"level='asInvoker' uiAccess='false'" /DEBUG /PDB:"D:\BattleShip\BattleShip\Debug\BattleShip.pdb" /SUBSYSTEM:CONSOLE /TLBID:1 /DYNAMICBASE /NXCOMPAT /IMPLIB:"D:\BattleShip\BattleShip\Debug\BattleShip.lib" /MACHINE:X86 Debug\BattleShip.exe.embed.manifest.res
         Debug\Cell.obj
         Debug\ComputerPlayer.obj
         Debug\Field.obj
         Debug\Controller.obj
         Debug\main.obj
         Debug\Navy.obj
         Debug\Observable.obj
         Debug\Player.obj
         Debug\Point.obj
         Debug\Ship.obj
         Debug\UserPlayer.obj
         Debug\View.obj
         BattleShip.vcxproj -> D:\BattleShip\BattleShip\Debug\BattleShip.exe
       FinalizeBuildStatus:
         Deleting file "Debug\BattleShip.unsuccessfulbuild".
         Touching "Debug\BattleShip.lastbuildstate".
     1>Done Building Project "D:\BattleShip\BattleShip\BattleShip\BattleShip.vcxproj" (rebuild target(s)).

Build succeeded.

Time Elapsed 00:00:13.54
