D:\BATTLESHIP\BATTLESHIP\BATTLESHIP\DEBUG\BATTLESHIP.EXE.EMBED.MANIFEST
D:\BATTLESHIP\BATTLESHIP\BATTLESHIP\DEBUG\BATTLESHIP.EXE.EMBED.MANIFEST.RES
D:\BATTLESHIP\BATTLESHIP\BATTLESHIP\DEBUG\BATTLESHIP.EXE.INTERMEDIATE.MANIFEST
D:\BattleShip\BattleShip\BattleShip\Debug\BattleShip_manifest.rc
D:\BATTLESHIP\BATTLESHIP\BATTLESHIP\DEBUG\CELL.OBJ
D:\BattleShip\BattleShip\BattleShip\Debug\cl.command.1.tlog
D:\BattleShip\BattleShip\BattleShip\Debug\CL.read.1.tlog
D:\BattleShip\BattleShip\BattleShip\Debug\CL.write.1.tlog
D:\BATTLESHIP\BATTLESHIP\BATTLESHIP\DEBUG\COMPUTERPLAYER.OBJ
D:\BATTLESHIP\BATTLESHIP\BATTLESHIP\DEBUG\CONTROLLER.OBJ
D:\BATTLESHIP\BATTLESHIP\BATTLESHIP\DEBUG\FIELD.OBJ
D:\BattleShip\BattleShip\BattleShip\Debug\link.5012.read.1.tlog
D:\BattleShip\BattleShip\BattleShip\Debug\link.5012.write.1.tlog
D:\BattleShip\BattleShip\BattleShip\Debug\link.5012-cvtres.read.1.tlog
D:\BattleShip\BattleShip\BattleShip\Debug\link.5012-cvtres.write.1.tlog
D:\BattleShip\BattleShip\BattleShip\Debug\link.command.1.tlog
D:\BattleShip\BattleShip\BattleShip\Debug\link.read.1.tlog
D:\BattleShip\BattleShip\BattleShip\Debug\link.write.1.tlog
D:\BattleShip\BattleShip\BattleShip\Debug\link-cvtres.read.1.tlog
D:\BattleShip\BattleShip\BattleShip\Debug\link-cvtres.write.1.tlog
D:\BATTLESHIP\BATTLESHIP\BATTLESHIP\DEBUG\MAIN.OBJ
D:\BattleShip\BattleShip\BattleShip\Debug\mt.command.1.tlog
D:\BattleShip\BattleShip\BattleShip\Debug\mt.read.1.tlog
D:\BattleShip\BattleShip\BattleShip\Debug\mt.write.1.tlog
D:\BATTLESHIP\BATTLESHIP\BATTLESHIP\DEBUG\NAVY.OBJ
D:\BATTLESHIP\BATTLESHIP\BATTLESHIP\DEBUG\OBSERVABLE.OBJ
D:\BATTLESHIP\BATTLESHIP\BATTLESHIP\DEBUG\PLAYER.OBJ
D:\BATTLESHIP\BATTLESHIP\BATTLESHIP\DEBUG\POINT.OBJ
D:\BattleShip\BattleShip\BattleShip\Debug\rc.command.1.tlog
D:\BattleShip\BattleShip\BattleShip\Debug\rc.read.1.tlog
D:\BattleShip\BattleShip\BattleShip\Debug\rc.write.1.tlog
D:\BATTLESHIP\BATTLESHIP\BATTLESHIP\DEBUG\SHIP.OBJ
D:\BATTLESHIP\BATTLESHIP\BATTLESHIP\DEBUG\USERPLAYER.OBJ
D:\BattleShip\BattleShip\BattleShip\Debug\vc100.idb
D:\BATTLESHIP\BATTLESHIP\BATTLESHIP\DEBUG\VC100.PDB
D:\BATTLESHIP\BATTLESHIP\BATTLESHIP\DEBUG\VIEW.OBJ
D:\BATTLESHIP\BATTLESHIP\DEBUG\BATTLESHIP.EXE
D:\BATTLESHIP\BATTLESHIP\DEBUG\BATTLESHIP.ILK
D:\BATTLESHIP\BATTLESHIP\DEBUG\BATTLESHIP.PDB
